2018.10.22 at 23:28:01 CST INFO  org.springframework.boot.StartupInfoLogger logStarting() @50 - Starting App on GuoYL-PC with PID 16448 (started by Guo YL in E:\mingfei.zhang\work\git repo\learn\springboot-web-simple)
2018.10.22 at 23:28:01 CST INFO  org.springframework.boot.SpringApplication logStartupProfileInfo() @654 - No active profile set, falling back to default profiles: default
2018.10.22 at 23:28:01 CST INFO  org.springframework.context.support.AbstractApplicationContext prepareRefresh() @590 - Refreshing org.springframework.boot.web.servlet.context.AnnotationConfigServletWebServerApplicationContext@7d4f9aae: startup date [Mon Oct 22 23:28:01 CST 2018]; root of context hierarchy
2018.10.22 at 23:28:02 CST ERROR org.apache.juli.logging.DirectJDKLog log() @180 - An incompatible version [1.1.32] of the APR based Apache Tomcat Native library is installed, while Tomcat requires version [1.2.14]
2018.10.22 at 23:28:02 CST INFO  org.springframework.boot.web.embedded.tomcat.TomcatWebServer initialize() @91 - Tomcat initialized with port(s): 8080 (http)
2018.10.22 at 23:28:02 CST ERROR org.apache.juli.logging.DirectJDKLog log() @180 - An incompatible version [1.1.32] of the APR based Apache Tomcat Native library is installed, while Tomcat requires version [1.2.14]
2018.10.22 at 23:28:02 CST INFO  org.apache.juli.logging.DirectJDKLog log() @180 - Initializing ProtocolHandler ["http-nio-8080"]
2018.10.22 at 23:28:02 CST INFO  org.apache.juli.logging.DirectJDKLog log() @180 - Starting service [Tomcat]
2018.10.22 at 23:28:02 CST INFO  org.apache.juli.logging.DirectJDKLog log() @180 - Starting Servlet Engine: Apache Tomcat/8.5.34
2018.10.22 at 23:28:02 CST ERROR org.apache.juli.logging.DirectJDKLog log() @180 - An incompatible version [1.1.32] of the APR based Apache Tomcat Native library is installed, while Tomcat requires version [1.2.14]
2018.10.22 at 23:28:02 CST INFO  org.apache.juli.logging.DirectJDKLog log() @180 - Initializing Spring embedded WebApplicationContext
2018.10.22 at 23:28:02 CST INFO  org.springframework.boot.web.servlet.context.ServletWebServerApplicationContext prepareWebApplicationContext() @285 - Root WebApplicationContext: initialization completed in 1052 ms
2018.10.22 at 23:28:02 CST INFO  org.springframework.boot.web.servlet.ServletRegistrationBean addRegistration() @187 - Servlet dispatcherServlet mapped to [/]
2018.10.22 at 23:28:02 CST INFO  org.springframework.boot.web.servlet.AbstractFilterRegistrationBean configure() @245 - Mapping filter: 'characterEncodingFilter' to: [/*]
2018.10.22 at 23:28:02 CST INFO  org.springframework.boot.web.servlet.AbstractFilterRegistrationBean configure() @245 - Mapping filter: 'hiddenHttpMethodFilter' to: [/*]
2018.10.22 at 23:28:02 CST INFO  org.springframework.boot.web.servlet.AbstractFilterRegistrationBean configure() @245 - Mapping filter: 'httpPutFormContentFilter' to: [/*]
2018.10.22 at 23:28:02 CST INFO  org.springframework.boot.web.servlet.AbstractFilterRegistrationBean configure() @245 - Mapping filter: 'requestContextFilter' to: [/*]
2018.10.22 at 23:28:02 CST INFO  org.springframework.web.servlet.handler.AbstractUrlHandlerMapping registerHandler() @373 - Mapped URL path [/**/favicon.ico] onto handler of type [class org.springframework.web.servlet.resource.ResourceHttpRequestHandler]
2018.10.22 at 23:28:03 CST INFO  org.springframework.web.servlet.mvc.method.annotation.RequestMappingHandlerAdapter initControllerAdviceCache() @574 - Looking for @ControllerAdvice: org.springframework.boot.web.servlet.context.AnnotationConfigServletWebServerApplicationContext@7d4f9aae: startup date [Mon Oct 22 23:28:01 CST 2018]; root of context hierarchy
2018.10.22 at 23:28:03 CST INFO  org.springframework.web.servlet.handler.AbstractHandlerMethodMapping$MappingRegistry register() @547 - Mapped "{[/hw/say/{st}]}" onto public java.lang.String com.mfzhang.mayi.springboot.controller.HelloController.say(java.lang.String)
2018.10.22 at 23:28:03 CST INFO  org.springframework.web.servlet.handler.AbstractHandlerMethodMapping$MappingRegistry register() @547 - Mapped "{[/error]}" onto public org.springframework.http.ResponseEntity<java.util.Map<java.lang.String, java.lang.Object>> org.springframework.boot.autoconfigure.web.servlet.error.BasicErrorController.error(javax.servlet.http.HttpServletRequest)
2018.10.22 at 23:28:03 CST INFO  org.springframework.web.servlet.handler.AbstractHandlerMethodMapping$MappingRegistry register() @547 - Mapped "{[/error],produces=[text/html]}" onto public org.springframework.web.servlet.ModelAndView org.springframework.boot.autoconfigure.web.servlet.error.BasicErrorController.errorHtml(javax.servlet.http.HttpServletRequest,javax.servlet.http.HttpServletResponse)
2018.10.22 at 23:28:03 CST INFO  org.springframework.web.servlet.handler.AbstractUrlHandlerMapping registerHandler() @373 - Mapped URL path [/webjars/**] onto handler of type [class org.springframework.web.servlet.resource.ResourceHttpRequestHandler]
2018.10.22 at 23:28:03 CST INFO  org.springframework.web.servlet.handler.AbstractUrlHandlerMapping registerHandler() @373 - Mapped URL path [/**] onto handler of type [class org.springframework.web.servlet.resource.ResourceHttpRequestHandler]
2018.10.22 at 23:28:03 CST INFO  org.springframework.jmx.export.MBeanExporter afterSingletonsInstantiated() @433 - Registering beans for JMX exposure on startup
2018.10.22 at 23:28:03 CST INFO  org.apache.juli.logging.DirectJDKLog log() @180 - Starting ProtocolHandler ["http-nio-8080"]
2018.10.22 at 23:28:03 CST INFO  org.apache.juli.logging.DirectJDKLog log() @180 - Using a shared selector for servlet write/read
2018.10.22 at 23:28:03 CST INFO  org.springframework.boot.web.embedded.tomcat.TomcatWebServer start() @206 - Tomcat started on port(s): 8080 (http) with context path ''
2018.10.22 at 23:28:03 CST INFO  org.springframework.boot.StartupInfoLogger logStarted() @59 - Started App in 1.998 seconds (JVM running for 3.065)
2018.10.22 at 23:28:37 CST INFO  org.springframework.boot.admin.SpringApplicationAdminMXBeanRegistrar$SpringApplicationAdmin shutdown() @132 - Application shutdown requested.
2018.10.22 at 23:28:37 CST INFO  org.springframework.context.support.AbstractApplicationContext doClose() @993 - Closing org.springframework.boot.web.servlet.context.AnnotationConfigServletWebServerApplicationContext@7d4f9aae: startup date [Mon Oct 22 23:28:01 CST 2018]; root of context hierarchy
2018.10.22 at 23:28:37 CST INFO  org.springframework.jmx.export.MBeanExporter destroy() @451 - Unregistering JMX-exposed beans on shutdown
